2015/10/15 19:09:26 [error] [exception.CDbException] CDbException: CDbConnection failed to open the DB connection: could not find driver in /var/www/rpg/yii/framework/db/CDbConnection.php:399
Stack trace:
#0 /var/www/rpg/yii/framework/db/CDbConnection.php(347): CDbConnection->open()
#1 /var/www/rpg/yii/framework/db/CDbConnection.php(325): CDbConnection->setActive(true)
#2 /var/www/rpg/yii/framework/base/CModule.php(394): CDbConnection->init()
#3 /var/www/rpg/yii/framework/base/CModule.php(103): CModule->getComponent('db')
#4 /var/www/rpg/yii/framework/gii/generators/model/ModelCode.php(60): CModule->__get('db')
#5 /var/www/rpg/yii/framework/web/CFormModel.php(39): ModelCode->init()
#6 /var/www/rpg/yii/framework/gii/CCodeGenerator.php(153): CFormModel->__construct()
#7 /var/www/rpg/yii/framework/gii/CCodeGenerator.php(63): CCodeGenerator->prepare()
#8 /var/www/rpg/yii/framework/web/actions/CInlineAction.php(49): CCodeGenerator->actionIndex()
#9 /var/www/rpg/yii/framework/web/CController.php(308): CInlineAction->runWithParams(Array)
#10 /var/www/rpg/yii/framework/web/CController.php(286): CController->runAction(Object(CInlineAction))
#11 /var/www/rpg/yii/framework/web/CController.php(265): CController->runActionWithFilters(Object(CInlineAction), Array)
#12 /var/www/rpg/yii/framework/web/CWebApplication.php(282): CController->run('index')
#13 /var/www/rpg/yii/framework/web/CWebApplication.php(141): CWebApplication->runController('gii/model/index')
#14 /var/www/rpg/yii/framework/base/CApplication.php(184): CWebApplication->processRequest()
#15 /var/www/rpg/admin/index.php(13): CApplication->run()
#16 {main}
REQUEST_URI=/index.php?r=gii/model/index
HTTP_REFERER=http://localhost:9999/index.php?r=gii/default/index
---
